# JRE version: Java(TM) SE Runtime Environment (8.0_191-b12) (build 1.8.0_191-b12)
# Java VM: Java HotSpot(TM) Client VM (25.191-b12 mixed mode windows-x86 )
Heap:
 def new generation   total 55040K, used 11920K [0x04e00000, 0x089b0000, 0x0f8a0000)
  eden space 48960K,  17% used [0x04e00000, 0x05668688, 0x07dd0000)
  from space 6080K,  54% used [0x083c0000, 0x086fbb38, 0x089b0000)
  to   space 6080K,   0% used [0x07dd0000, 0x07dd0000, 0x083c0000)
 tenured generation   total 122056K, used 74483K [0x0f8a0000, 0x16fd2000, 0x24e00000)
   the space 122056K,  61% used [0x0f8a0000, 0x1415ccc0, 0x1415ce00, 0x16fd2000)
 Metaspace       used 21298K, capacity 21820K, committed 21888K, reserved 21888K
GC Heap History (10 events):
Event: 728.155 GC heap before
{Heap before GC invocations=12 (full 3):
 def new generation   total 55040K, used 55040K [0x04e00000, 0x089b0000, 0x0f8a0000)
  eden space 48960K, 100% used [0x04e00000, 0x07dd0000, 0x07dd0000)
  from space 6080K, 100% used [0x07dd0000, 0x083c0000, 0x083c0000)
  to   space 6080K,   0% used [0x083c0000, 0x083c0000, 0x089b0000)
 tenured generation   total 122056K, used 67465K [0x0f8a0000, 0x16fd2000, 0x24e00000)
   the space 122056K,  55% used [0x0f8a0000, 0x13a82418, 0x13a82600, 0x16fd2000)
 Metaspace       used 21283K, capacity 21786K, committed 21888K, reserved 21888K
Event: 728.336 GC heap after
Heap after GC invocations=13 (full 3):
 def new generation   total 55040K, used 2047K [0x04e00000, 0x089b0000, 0x0f8a0000)
  eden space 48960K,   0% used [0x04e00000, 0x04e00000, 0x07dd0000)
  from space 6080K,  33% used [0x083c0000, 0x085bfc48, 0x089b0000)
  to   space 6080K,   0% used [0x07dd0000, 0x07dd0000, 0x083c0000)
 tenured generation   total 122056K, used 73498K [0x0f8a0000, 0x16fd2000, 0x24e00000)
   the space 122056K,  60% used [0x0f8a0000, 0x14066990, 0x14066a00, 0x16fd2000)
 Metaspace       used 21283K, capacity 21786K, committed 21888K, reserved 21888K
}
Event: 757.291 GC heap before
{Heap before GC invocations=13 (full 3):
 def new generation   total 55040K, used 51007K [0x04e00000, 0x089b0000, 0x0f8a0000)
  eden space 48960K, 100% used [0x04e00000, 0x07dd0000, 0x07dd0000)
  from space 6080K,  33% used [0x083c0000, 0x085bfc48, 0x089b0000)
  to   space 6080K,   0% used [0x07dd0000, 0x07dd0000, 0x083c0000)
 tenured generation   total 122056K, used 73498K [0x0f8a0000, 0x16fd2000, 0x24e00000)
   the space 122056K,  60% used [0x0f8a0000, 0x14066990, 0x14066a00, 0x16fd2000)
 Metaspace       used 21284K, capacity 21786K, committed 21888K, reserved 21888K
Event: 757.307 GC heap after
Heap after GC invocations=14 (full 3):
 def new generation   total 55040K, used 4440K [0x04e00000, 0x089b0000, 0x0f8a0000)
  eden space 48960K,   0% used [0x04e00000, 0x04e00000, 0x07dd0000)
  from space 6080K,  73% used [0x07dd0000, 0x082262b0, 0x083c0000)
  to   space 6080K,   0% used [0x083c0000, 0x083c0000, 0x089b0000)
 tenured generation   total 122056K, used 73498K [0x0f8a0000, 0x16fd2000, 0x24e00000)
   the space 122056K,  60% used [0x0f8a0000, 0x14066990, 0x14066a00, 0x16fd2000)
 Metaspace       used 21284K, capacity 21786K, committed 21888K, reserved 21888K
}
Event: 918.480 GC heap before
{Heap before GC invocations=14 (full 3):
 def new generation   total 55040K, used 53400K [0x04e00000, 0x089b0000, 0x0f8a0000)
  eden space 48960K, 100% used [0x04e00000, 0x07dd0000, 0x07dd0000)
  from space 6080K,  73% used [0x07dd0000, 0x082262b0, 0x083c0000)
  to   space 6080K,   0% used [0x083c0000, 0x083c0000, 0x089b0000)
 tenured generation   total 122056K, used 73498K [0x0f8a0000, 0x16fd2000, 0x24e00000)
   the space 122056K,  60% used [0x0f8a0000, 0x14066990, 0x14066a00, 0x16fd2000)
 Metaspace       used 21298K, capacity 21788K, committed 21888K, reserved 21888K
Event: 918.503 GC heap after
Heap after GC invocations=15 (full 3):
 def new generation   total 55040K, used 1801K [0x04e00000, 0x089b0000, 0x0f8a0000)
  eden space 48960K,   0% used [0x04e00000, 0x04e00000, 0x07dd0000)
  from space 6080K,  29% used [0x083c0000, 0x085824b8, 0x089b0000)
  to   space 6080K,   0% used [0x07dd0000, 0x07dd0000, 0x083c0000)
 tenured generation   total 122056K, used 74417K [0x0f8a0000, 0x16fd2000, 0x24e00000)
   the space 122056K,  60% used [0x0f8a0000, 0x1414c768, 0x1414c800, 0x16fd2000)
 Metaspace       used 21298K, capacity 21788K, committed 21888K, reserved 21888K
}
Event: 1075.957 GC heap before
{Heap before GC invocations=15 (full 3):
 def new generation   total 55040K, used 50761K [0x04e00000, 0x089b0000, 0x0f8a0000)
  eden space 48960K, 100% used [0x04e00000, 0x07dd0000, 0x07dd0000)
  from space 6080K,  29% used [0x083c0000, 0x085824b8, 0x089b0000)
  to   space 6080K,   0% used [0x07dd0000, 0x07dd0000, 0x083c0000)
 tenured generation   total 122056K, used 74417K [0x0f8a0000, 0x16fd2000, 0x24e00000)
   the space 122056K,  60% used [0x0f8a0000, 0x1414c768, 0x1414c800, 0x16fd2000)
 Metaspace       used 21298K, capacity 21820K, committed 21888K, reserved 21888K
Event: 1075.973 GC heap after
Heap after GC invocations=16 (full 3):
 def new generation   total 55040K, used 3780K [0x04e00000, 0x089b0000, 0x0f8a0000)
  eden space 48960K,   0% used [0x04e00000, 0x04e00000, 0x07dd0000)
  from space 6080K,  62% used [0x07dd0000, 0x08181348, 0x083c0000)
  to   space 6080K,   0% used [0x083c0000, 0x083c0000, 0x089b0000)
 tenured generation   total 122056K, used 74417K [0x0f8a0000, 0x16fd2000, 0x24e00000)
   the space 122056K,  60% used [0x0f8a0000, 0x1414c768, 0x1414c800, 0x16fd2000)
 Metaspace       used 21298K, capacity 21820K, committed 21888K, reserved 21888K
}
Event: 1093.216 GC heap before
{Heap before GC invocations=16 (full 3):
 def new generation   total 55040K, used 52740K [0x04e00000, 0x089b0000, 0x0f8a0000)
  eden space 48960K, 100% used [0x04e00000, 0x07dd0000, 0x07dd0000)
  from space 6080K,  62% used [0x07dd0000, 0x08181348, 0x083c0000)
  to   space 6080K,   0% used [0x083c0000, 0x083c0000, 0x089b0000)
 tenured generation   total 122056K, used 74417K [0x0f8a0000, 0x16fd2000, 0x24e00000)
   the space 122056K,  60% used [0x0f8a0000, 0x1414c768, 0x1414c800, 0x16fd2000)
 Metaspace       used 21298K, capacity 21820K, committed 21888K, reserved 21888K
Event: 1093.237 GC heap after
Heap after GC invocations=17 (full 3):
 def new generation   total 55040K, used 3310K [0x04e00000, 0x089b0000, 0x0f8a0000)
  eden space 48960K,   0% used [0x04e00000, 0x04e00000, 0x07dd0000)
  from space 6080K,  54% used [0x083c0000, 0x086fbb38, 0x089b0000)
  to   space 6080K,   0% used [0x07dd0000, 0x07dd0000, 0x083c0000)
 tenured generation   total 122056K, used 74483K [0x0f8a0000, 0x16fd2000, 0x24e00000)
   the space 122056K,  61% used [0x0f8a0000, 0x1415ccc0, 0x1415ce00, 0x16fd2000)
 Metaspace       used 21298K, capacity 21820K, committed 21888K, reserved 21888K
}

